<?xml version="1.0" encoding="UTF-8"?>
<!-- Generated by org.testng.reporters.JUnitReportReporter -->
<testsuite hostname="Absolom.local" failures="0" tests="1" name="choirTestNG.TestChromeBrowser" time="0.316" errors="0" timestamp="04 Mar 2018 14:27:37 GMT" skipped="0">
  <testcase classname="choirTestNG.TestChromeBrowser" name="testChoirPageTitleInChrome" time="0.316"/>
</testsuite> <!-- choirTestNG.TestChromeBrowser -->
