<?xml version="1.0" encoding="UTF-8"?>
<!-- Generated by org.testng.reporters.JUnitReportReporter -->
<testsuite hostname="Absolom.local" failures="0" tests="1" name="choirTestNG.checkEventsTable" time="1.841" errors="0" timestamp="08 Mar 2018 05:56:24 GMT" skipped="0">
  <testcase classname="choirTestNG.checkEventsTable" name="f" time="1.841"/>
</testsuite> <!-- choirTestNG.checkEventsTable -->
